21:24:34 [main] INFO  step_definitions.SearchBarSteps - User is going to https://www.google.com
21:24:34 [main] INFO  step_definitions.SearchBarSteps - User successfully landed on the page: Google
21:24:35 [main] INFO  step_definitions.SearchBarSteps - User entered applein the search bar
21:24:35 [main] ERROR step_definitions.SearchBarSteps - User failed to login because of wrong password
18:35:08 [main] INFO  step_definitions.SearchBarSteps - User is going to https://www.google.com
18:35:08 [main] INFO  step_definitions.SearchBarSteps - User successfully landed on the page: Google
18:35:08 [main] INFO  step_definitions.SearchBarSteps - User entered applein the search bar
18:35:08 [main] ERROR step_definitions.SearchBarSteps - User failed to login because of wrong password
18:50:58 [main] INFO  step_definitions.SearchBarSteps - User is going to https://www.saucedemo.com/
18:50:58 [main] INFO  step_definitions.SearchBarSteps - User successfully landed on the page: Swag Labs
19:22:07 [main] INFO  step_definitions.SearchBarSteps - User is going to https://www.saucedemo.com/
19:22:07 [main] INFO  step_definitions.SearchBarSteps - User successfully landed on the page: Swag Labs
19:24:49 [main] INFO  step_definitions.SearchBarSteps - User is going to https://www.saucedemo.com/
19:24:49 [main] INFO  step_definitions.SearchBarSteps - User successfully landed on the page: Swag Labs
19:27:12 [main] INFO  step_definitions.SearchBarSteps - User is going to https://www.saucedemo.com/
19:27:12 [main] INFO  step_definitions.SearchBarSteps - User successfully landed on the page: Swag Labs
19:32:49 [main] INFO  step_definitions.SearchBarSteps - User is going to https://www.saucedemo.com/
19:32:49 [main] INFO  step_definitions.SearchBarSteps - User successfully landed on the page: Swag Labs
19:47:17 [main] INFO  step_definitions.SearchBarSteps - User is going to https://www.saucedemo.com/
19:47:18 [main] INFO  step_definitions.SearchBarSteps - User successfully landed on the page: Swag Labs
19:50:12 [main] INFO  step_definitions.SearchBarSteps - User is going to https://www.saucedemo.com/
19:50:12 [main] INFO  step_definitions.SearchBarSteps - User successfully landed on the page: Swag Labs
19:56:10 [main] INFO  step_definitions.SearchBarSteps - User is going to https://www.saucedemo.com/
19:56:10 [main] INFO  step_definitions.SearchBarSteps - User successfully landed on the page: Swag Labs
20:32:34 [main] INFO  step_definitions.SearchBarSteps - User is going to https://www.saucedemo.com/
20:32:34 [main] INFO  step_definitions.SearchBarSteps - User successfully landed on the page: Swag Labs
20:39:47 [main] INFO  step_definitions.SearchBarSteps - User is going to https://www.saucedemo.com/
20:39:47 [main] INFO  step_definitions.SearchBarSteps - User successfully landed on the page: Swag Labs
20:41:41 [main] INFO  step_definitions.SearchBarSteps - User is going to https://www.saucedemo.com/
20:41:42 [main] INFO  step_definitions.SearchBarSteps - User successfully landed on the page: Swag Labs
20:52:49 [main] INFO  step_definitions.SearchBarSteps - User is going to https://www.saucedemo.com/
20:52:49 [main] INFO  step_definitions.SearchBarSteps - User successfully landed on the page: Swag Labs
21:06:35 [main] INFO  step_definitions.SearchBarSteps - User is going to https://www.saucedemo.com/
21:06:36 [main] INFO  step_definitions.SearchBarSteps - User successfully landed on the page: Swag Labs
21:06:36 [main] INFO  step_definitions.SearchBarSteps - User is going to https://www.saucedemo.com/
21:06:36 [main] INFO  step_definitions.SearchBarSteps - User successfully landed on the page: Swag Labs
21:06:36 [main] INFO  step_definitions.SearchBarSteps - User is going to https://www.saucedemo.com/
21:06:36 [main] INFO  step_definitions.SearchBarSteps - User successfully landed on the page: Swag Labs
21:06:36 [main] INFO  step_definitions.SearchBarSteps - User is going to https://www.saucedemo.com/
21:06:36 [main] INFO  step_definitions.SearchBarSteps - User successfully landed on the page: Swag Labs
21:06:36 [main] INFO  step_definitions.SearchBarSteps - User is going to https://www.saucedemo.com/
21:06:36 [main] INFO  step_definitions.SearchBarSteps - User successfully landed on the page: Swag Labs
21:06:36 [main] INFO  step_definitions.SearchBarSteps - User is going to https://www.saucedemo.com/
21:06:36 [main] INFO  step_definitions.SearchBarSteps - User successfully landed on the page: Swag Labs
21:08:31 [main] INFO  step_definitions.SearchBarSteps - User is going to https://www.saucedemo.com/
21:08:31 [main] INFO  step_definitions.SearchBarSteps - User successfully landed on the page: Swag Labs
21:08:32 [main] INFO  step_definitions.SearchBarSteps - User is going to https://www.saucedemo.com/
21:08:32 [main] INFO  step_definitions.SearchBarSteps - User successfully landed on the page: Swag Labs
21:08:32 [main] INFO  step_definitions.SearchBarSteps - User is going to https://www.saucedemo.com/
21:08:32 [main] INFO  step_definitions.SearchBarSteps - User successfully landed on the page: Swag Labs
21:08:32 [main] INFO  step_definitions.SearchBarSteps - User is going to https://www.saucedemo.com/
21:08:32 [main] INFO  step_definitions.SearchBarSteps - User successfully landed on the page: Swag Labs
21:08:38 [main] INFO  step_definitions.SearchBarSteps - User is going to https://www.saucedemo.com/
21:08:38 [main] INFO  step_definitions.SearchBarSteps - User successfully landed on the page: Swag Labs
21:08:38 [main] INFO  step_definitions.SearchBarSteps - User is going to https://www.saucedemo.com/
21:08:38 [main] INFO  step_definitions.SearchBarSteps - User successfully landed on the page: Swag Labs
21:09:20 [main] INFO  step_definitions.SearchBarSteps - User is going to https://www.saucedemo.com/
21:09:20 [main] INFO  step_definitions.SearchBarSteps - User successfully landed on the page: Swag Labs
21:09:21 [main] INFO  step_definitions.SearchBarSteps - User is going to https://www.saucedemo.com/
21:09:21 [main] INFO  step_definitions.SearchBarSteps - User successfully landed on the page: Swag Labs
21:09:21 [main] INFO  step_definitions.SearchBarSteps - User is going to https://www.saucedemo.com/
21:09:21 [main] INFO  step_definitions.SearchBarSteps - User successfully landed on the page: Swag Labs
21:09:21 [main] INFO  step_definitions.SearchBarSteps - User is going to https://www.saucedemo.com/
21:09:21 [main] INFO  step_definitions.SearchBarSteps - User successfully landed on the page: Swag Labs
21:09:21 [main] INFO  step_definitions.SearchBarSteps - User is going to https://www.saucedemo.com/
21:09:21 [main] INFO  step_definitions.SearchBarSteps - User successfully landed on the page: Swag Labs
21:09:22 [main] INFO  step_definitions.SearchBarSteps - User is going to https://www.saucedemo.com/
21:09:22 [main] INFO  step_definitions.SearchBarSteps - User successfully landed on the page: Swag Labs
19:31:20 [main] INFO  step_definitions.SearchBarSteps - user goes to url of the page
19:31:20 [main] INFO  step_definitions.SearchBarSteps - user enters username: username
19:31:20 [main] INFO  step_definitions.SearchBarSteps - user enters password: password
19:31:20 [main] INFO  step_definitions.SearchBarSteps - user clicks on login button
19:31:20 [main] INFO  step_definitions.SearchBarSteps - Successfully logged inappeared on the page
19:32:33 [main] INFO  step_definitions.SearchBarSteps - user goes to url of the page
19:32:33 [main] INFO  step_definitions.SearchBarSteps - user enters username: username
19:32:33 [main] INFO  step_definitions.SearchBarSteps - user enters password: password
19:32:33 [main] INFO  step_definitions.SearchBarSteps - user clicks on login button
19:32:33 [main] INFO  step_definitions.SearchBarSteps - Successfully logged inappeared on the page
19:34:54 [main] INFO  step_definitions.SearchBarSteps - user goes to url of the page
19:34:54 [main] INFO  step_definitions.SearchBarSteps - user enters username: username
19:34:54 [main] INFO  step_definitions.SearchBarSteps - user enters password: password
19:34:54 [main] INFO  step_definitions.SearchBarSteps - user clicks on login button
19:34:54 [main] INFO  step_definitions.SearchBarSteps - Successfully logged inappeared on the page
19:34:54 [main] INFO  step_definitions.SearchBarSteps - user goes to url of the page
19:34:54 [main] INFO  step_definitions.SearchBarSteps - user enters username: username
19:34:54 [main] INFO  step_definitions.SearchBarSteps - user enters password: password
19:34:54 [main] INFO  step_definitions.SearchBarSteps - user clicks on login button
19:34:54 [main] INFO  step_definitions.SearchBarSteps - Failed to  log inappeared on the page
19:34:54 [main] INFO  step_definitions.SearchBarSteps - user goes to url of the page
19:34:54 [main] INFO  step_definitions.SearchBarSteps - user enters username: username
19:34:54 [main] INFO  step_definitions.SearchBarSteps - user clicks on login button
19:34:54 [main] INFO  step_definitions.SearchBarSteps - Failed to  log inappeared on the page
19:36:29 [main] INFO  step_definitions.SearchBarSteps - user goes to url of the page
19:36:29 [main] INFO  step_definitions.SearchBarSteps - user enters username: username
19:36:29 [main] INFO  step_definitions.SearchBarSteps - user enters password: password
19:36:29 [main] INFO  step_definitions.SearchBarSteps - user clicks on login button
19:36:29 [main] INFO  step_definitions.SearchBarSteps - Successfully logged inappeared on the page
19:36:29 [main] INFO  step_definitions.SearchBarSteps - user goes to url of the page
19:36:29 [main] INFO  step_definitions.SearchBarSteps - user enters username: username
19:36:29 [main] INFO  step_definitions.SearchBarSteps - user enters password: password
19:36:29 [main] INFO  step_definitions.SearchBarSteps - user clicks on login button
19:36:29 [main] INFO  step_definitions.SearchBarSteps - Failed to  log inappeared on the page
19:36:29 [main] INFO  step_definitions.SearchBarSteps - user goes to url of the page
19:36:29 [main] INFO  step_definitions.SearchBarSteps - user enters username: username
19:36:29 [main] INFO  step_definitions.SearchBarSteps - user clicks on login button
19:36:29 [main] INFO  step_definitions.SearchBarSteps - Failed to  log inappeared on the page
